[1/10] -n 2 ./nkeys_par 2 1000000 0 0
[2/10] -n 2 ./nkeys_par 2 1000000 0 0
[3/10] -n 2 ./nkeys_par 2 1000000 0 0
[4/10] -n 2 ./nkeys_par 2 1000000 0 0
[5/10] -n 2 ./nkeys_par 2 1000000 0 0
[6/10] -n 2 ./nkeys_par 2 1000000 0 0
[7/10] -n 2 ./nkeys_par 2 1000000 0 0
[8/10] -n 2 ./nkeys_par 2 1000000 0 0
[9/10] -n 2 ./nkeys_par 2 1000000 0 0
[10/10] -n 2 ./nkeys_par 2 1000000 0 0
[1/10] -n 2 ./nkeys_par 2 1000000 0 2048
[2/10] -n 2 ./nkeys_par 2 1000000 0 2048
[3/10] -n 2 ./nkeys_par 2 1000000 0 2048
[4/10] -n 2 ./nkeys_par 2 1000000 0 2048
[5/10] -n 2 ./nkeys_par 2 1000000 0 2048
[6/10] -n 2 ./nkeys_par 2 1000000 0 2048
[7/10] -n 2 ./nkeys_par 2 1000000 0 2048
[8/10] -n 2 ./nkeys_par 2 1000000 0 2048
[9/10] -n 2 ./nkeys_par 2 1000000 0 2048
[10/10] -n 2 ./nkeys_par 2 1000000 0 2048
[1/10] -n 2 ./nkeys_par 2 1000000 0 4096
[2/10] -n 2 ./nkeys_par 2 1000000 0 4096
[3/10] -n 2 ./nkeys_par 2 1000000 0 4096
[4/10] -n 2 ./nkeys_par 2 1000000 0 4096
[5/10] -n 2 ./nkeys_par 2 1000000 0 4096
[6/10] -n 2 ./nkeys_par 2 1000000 0 4096
[7/10] -n 2 ./nkeys_par 2 1000000 0 4096
[8/10] -n 2 ./nkeys_par 2 1000000 0 4096
[9/10] -n 2 ./nkeys_par 2 1000000 0 4096
[10/10] -n 2 ./nkeys_par 2 1000000 0 4096
[1/10] -n 2 ./nkeys_par 100 1000000 0 0
[2/10] -n 2 ./nkeys_par 100 1000000 0 0
[3/10] -n 2 ./nkeys_par 100 1000000 0 0
[4/10] -n 2 ./nkeys_par 100 1000000 0 0
[5/10] -n 2 ./nkeys_par 100 1000000 0 0
[6/10] -n 2 ./nkeys_par 100 1000000 0 0
[7/10] -n 2 ./nkeys_par 100 1000000 0 0
[8/10] -n 2 ./nkeys_par 100 1000000 0 0
[9/10] -n 2 ./nkeys_par 100 1000000 0 0
[10/10] -n 2 ./nkeys_par 100 1000000 0 0
[1/10] -n 2 ./nkeys_par 100 1000000 0 2048
[2/10] -n 2 ./nkeys_par 100 1000000 0 2048
[3/10] -n 2 ./nkeys_par 100 1000000 0 2048
[4/10] -n 2 ./nkeys_par 100 1000000 0 2048
[5/10] -n 2 ./nkeys_par 100 1000000 0 2048
[6/10] -n 2 ./nkeys_par 100 1000000 0 2048
[7/10] -n 2 ./nkeys_par 100 1000000 0 2048
[8/10] -n 2 ./nkeys_par 100 1000000 0 2048
[9/10] -n 2 ./nkeys_par 100 1000000 0 2048
[10/10] -n 2 ./nkeys_par 100 1000000 0 2048
[1/10] -n 2 ./nkeys_par 100 1000000 0 4096
[2/10] -n 2 ./nkeys_par 100 1000000 0 4096
[3/10] -n 2 ./nkeys_par 100 1000000 0 4096
[4/10] -n 2 ./nkeys_par 100 1000000 0 4096
[5/10] -n 2 ./nkeys_par 100 1000000 0 4096
[6/10] -n 2 ./nkeys_par 100 1000000 0 4096
[7/10] -n 2 ./nkeys_par 100 1000000 0 4096
[8/10] -n 2 ./nkeys_par 100 1000000 0 4096
[9/10] -n 2 ./nkeys_par 100 1000000 0 4096
[10/10] -n 2 ./nkeys_par 100 1000000 0 4096
[1/10] -n 2 ./nkeys_par 500 1000000 0 0
[2/10] -n 2 ./nkeys_par 500 1000000 0 0
[3/10] -n 2 ./nkeys_par 500 1000000 0 0
[4/10] -n 2 ./nkeys_par 500 1000000 0 0
[5/10] -n 2 ./nkeys_par 500 1000000 0 0
[6/10] -n 2 ./nkeys_par 500 1000000 0 0
[7/10] -n 2 ./nkeys_par 500 1000000 0 0
[8/10] -n 2 ./nkeys_par 500 1000000 0 0
[9/10] -n 2 ./nkeys_par 500 1000000 0 0
[10/10] -n 2 ./nkeys_par 500 1000000 0 0
[1/10] -n 2 ./nkeys_par 500 1000000 0 2048
[2/10] -n 2 ./nkeys_par 500 1000000 0 2048
[3/10] -n 2 ./nkeys_par 500 1000000 0 2048
[4/10] -n 2 ./nkeys_par 500 1000000 0 2048
[5/10] -n 2 ./nkeys_par 500 1000000 0 2048
[6/10] -n 2 ./nkeys_par 500 1000000 0 2048
[7/10] -n 2 ./nkeys_par 500 1000000 0 2048
[8/10] -n 2 ./nkeys_par 500 1000000 0 2048
[9/10] -n 2 ./nkeys_par 500 1000000 0 2048
[10/10] -n 2 ./nkeys_par 500 1000000 0 2048
[1/10] -n 2 ./nkeys_par 500 1000000 0 4096
[2/10] -n 2 ./nkeys_par 500 1000000 0 4096
[3/10] -n 2 ./nkeys_par 500 1000000 0 4096
[4/10] -n 2 ./nkeys_par 500 1000000 0 4096
[5/10] -n 2 ./nkeys_par 500 1000000 0 4096
[6/10] -n 2 ./nkeys_par 500 1000000 0 4096
[7/10] -n 2 ./nkeys_par 500 1000000 0 4096
[8/10] -n 2 ./nkeys_par 500 1000000 0 4096
[9/10] -n 2 ./nkeys_par 500 1000000 0 4096
[10/10] -n 2 ./nkeys_par 500 1000000 0 4096
[1/10] -n 4 ./nkeys_par 2 1000000 0 0
[2/10] -n 4 ./nkeys_par 2 1000000 0 0
[3/10] -n 4 ./nkeys_par 2 1000000 0 0
[4/10] -n 4 ./nkeys_par 2 1000000 0 0
[5/10] -n 4 ./nkeys_par 2 1000000 0 0
[6/10] -n 4 ./nkeys_par 2 1000000 0 0
[7/10] -n 4 ./nkeys_par 2 1000000 0 0
[8/10] -n 4 ./nkeys_par 2 1000000 0 0
[9/10] -n 4 ./nkeys_par 2 1000000 0 0
[10/10] -n 4 ./nkeys_par 2 1000000 0 0
[1/10] -n 4 ./nkeys_par 2 1000000 0 2048
[2/10] -n 4 ./nkeys_par 2 1000000 0 2048
[3/10] -n 4 ./nkeys_par 2 1000000 0 2048
[4/10] -n 4 ./nkeys_par 2 1000000 0 2048
[5/10] -n 4 ./nkeys_par 2 1000000 0 2048
[6/10] -n 4 ./nkeys_par 2 1000000 0 2048
[7/10] -n 4 ./nkeys_par 2 1000000 0 2048
[8/10] -n 4 ./nkeys_par 2 1000000 0 2048
[9/10] -n 4 ./nkeys_par 2 1000000 0 2048
[10/10] -n 4 ./nkeys_par 2 1000000 0 2048
[1/10] -n 4 ./nkeys_par 2 1000000 0 4096
[2/10] -n 4 ./nkeys_par 2 1000000 0 4096
[3/10] -n 4 ./nkeys_par 2 1000000 0 4096
[4/10] -n 4 ./nkeys_par 2 1000000 0 4096
[5/10] -n 4 ./nkeys_par 2 1000000 0 4096
[6/10] -n 4 ./nkeys_par 2 1000000 0 4096
[7/10] -n 4 ./nkeys_par 2 1000000 0 4096
[8/10] -n 4 ./nkeys_par 2 1000000 0 4096
[9/10] -n 4 ./nkeys_par 2 1000000 0 4096
[10/10] -n 4 ./nkeys_par 2 1000000 0 4096
[1/10] -n 4 ./nkeys_par 100 1000000 0 0
[2/10] -n 4 ./nkeys_par 100 1000000 0 0
[3/10] -n 4 ./nkeys_par 100 1000000 0 0
[4/10] -n 4 ./nkeys_par 100 1000000 0 0
[5/10] -n 4 ./nkeys_par 100 1000000 0 0
[6/10] -n 4 ./nkeys_par 100 1000000 0 0
[7/10] -n 4 ./nkeys_par 100 1000000 0 0
[8/10] -n 4 ./nkeys_par 100 1000000 0 0
[9/10] -n 4 ./nkeys_par 100 1000000 0 0
[10/10] -n 4 ./nkeys_par 100 1000000 0 0
[1/10] -n 4 ./nkeys_par 100 1000000 0 2048
[2/10] -n 4 ./nkeys_par 100 1000000 0 2048
[3/10] -n 4 ./nkeys_par 100 1000000 0 2048
[4/10] -n 4 ./nkeys_par 100 1000000 0 2048
[5/10] -n 4 ./nkeys_par 100 1000000 0 2048
[6/10] -n 4 ./nkeys_par 100 1000000 0 2048
[7/10] -n 4 ./nkeys_par 100 1000000 0 2048
[8/10] -n 4 ./nkeys_par 100 1000000 0 2048
[9/10] -n 4 ./nkeys_par 100 1000000 0 2048
[10/10] -n 4 ./nkeys_par 100 1000000 0 2048
[1/10] -n 4 ./nkeys_par 100 1000000 0 4096
[2/10] -n 4 ./nkeys_par 100 1000000 0 4096
[3/10] -n 4 ./nkeys_par 100 1000000 0 4096
[4/10] -n 4 ./nkeys_par 100 1000000 0 4096
[5/10] -n 4 ./nkeys_par 100 1000000 0 4096
[6/10] -n 4 ./nkeys_par 100 1000000 0 4096
[7/10] -n 4 ./nkeys_par 100 1000000 0 4096
[8/10] -n 4 ./nkeys_par 100 1000000 0 4096
[9/10] -n 4 ./nkeys_par 100 1000000 0 4096
[10/10] -n 4 ./nkeys_par 100 1000000 0 4096
[1/10] -n 4 ./nkeys_par 500 1000000 0 0
[2/10] -n 4 ./nkeys_par 500 1000000 0 0
[3/10] -n 4 ./nkeys_par 500 1000000 0 0
[4/10] -n 4 ./nkeys_par 500 1000000 0 0
[5/10] -n 4 ./nkeys_par 500 1000000 0 0
[6/10] -n 4 ./nkeys_par 500 1000000 0 0
[7/10] -n 4 ./nkeys_par 500 1000000 0 0
[8/10] -n 4 ./nkeys_par 500 1000000 0 0
[9/10] -n 4 ./nkeys_par 500 1000000 0 0
[10/10] -n 4 ./nkeys_par 500 1000000 0 0
[1/10] -n 4 ./nkeys_par 500 1000000 0 2048
[2/10] -n 4 ./nkeys_par 500 1000000 0 2048
[3/10] -n 4 ./nkeys_par 500 1000000 0 2048
[4/10] -n 4 ./nkeys_par 500 1000000 0 2048
[5/10] -n 4 ./nkeys_par 500 1000000 0 2048
[6/10] -n 4 ./nkeys_par 500 1000000 0 2048
[7/10] -n 4 ./nkeys_par 500 1000000 0 2048
[8/10] -n 4 ./nkeys_par 500 1000000 0 2048
[9/10] -n 4 ./nkeys_par 500 1000000 0 2048
[10/10] -n 4 ./nkeys_par 500 1000000 0 2048
[1/10] -n 4 ./nkeys_par 500 1000000 0 4096
[2/10] -n 4 ./nkeys_par 500 1000000 0 4096
[3/10] -n 4 ./nkeys_par 500 1000000 0 4096
[4/10] -n 4 ./nkeys_par 500 1000000 0 4096
[5/10] -n 4 ./nkeys_par 500 1000000 0 4096
[6/10] -n 4 ./nkeys_par 500 1000000 0 4096
[7/10] -n 4 ./nkeys_par 500 1000000 0 4096
[8/10] -n 4 ./nkeys_par 500 1000000 0 4096
[9/10] -n 4 ./nkeys_par 500 1000000 0 4096
[10/10] -n 4 ./nkeys_par 500 1000000 0 4096
[1/10] -n 8 ./nkeys_par 2 1000000 0 0
[2/10] -n 8 ./nkeys_par 2 1000000 0 0
[3/10] -n 8 ./nkeys_par 2 1000000 0 0
[4/10] -n 8 ./nkeys_par 2 1000000 0 0
[5/10] -n 8 ./nkeys_par 2 1000000 0 0
[6/10] -n 8 ./nkeys_par 2 1000000 0 0
[7/10] -n 8 ./nkeys_par 2 1000000 0 0
[8/10] -n 8 ./nkeys_par 2 1000000 0 0
[9/10] -n 8 ./nkeys_par 2 1000000 0 0
[10/10] -n 8 ./nkeys_par 2 1000000 0 0
[1/10] -n 8 ./nkeys_par 2 1000000 0 2048
[2/10] -n 8 ./nkeys_par 2 1000000 0 2048
[3/10] -n 8 ./nkeys_par 2 1000000 0 2048
[4/10] -n 8 ./nkeys_par 2 1000000 0 2048
[5/10] -n 8 ./nkeys_par 2 1000000 0 2048
[6/10] -n 8 ./nkeys_par 2 1000000 0 2048
[7/10] -n 8 ./nkeys_par 2 1000000 0 2048
[8/10] -n 8 ./nkeys_par 2 1000000 0 2048
[9/10] -n 8 ./nkeys_par 2 1000000 0 2048
[10/10] -n 8 ./nkeys_par 2 1000000 0 2048
[1/10] -n 8 ./nkeys_par 2 1000000 0 4096
[2/10] -n 8 ./nkeys_par 2 1000000 0 4096
[3/10] -n 8 ./nkeys_par 2 1000000 0 4096
[4/10] -n 8 ./nkeys_par 2 1000000 0 4096
[5/10] -n 8 ./nkeys_par 2 1000000 0 4096
[6/10] -n 8 ./nkeys_par 2 1000000 0 4096
[7/10] -n 8 ./nkeys_par 2 1000000 0 4096
[8/10] -n 8 ./nkeys_par 2 1000000 0 4096
[9/10] -n 8 ./nkeys_par 2 1000000 0 4096
[10/10] -n 8 ./nkeys_par 2 1000000 0 4096
[1/10] -n 8 ./nkeys_par 100 1000000 0 0
[2/10] -n 8 ./nkeys_par 100 1000000 0 0
[3/10] -n 8 ./nkeys_par 100 1000000 0 0
[4/10] -n 8 ./nkeys_par 100 1000000 0 0
[5/10] -n 8 ./nkeys_par 100 1000000 0 0
[6/10] -n 8 ./nkeys_par 100 1000000 0 0
[7/10] -n 8 ./nkeys_par 100 1000000 0 0
[8/10] -n 8 ./nkeys_par 100 1000000 0 0
[9/10] -n 8 ./nkeys_par 100 1000000 0 0
[10/10] -n 8 ./nkeys_par 100 1000000 0 0
[1/10] -n 8 ./nkeys_par 100 1000000 0 2048
[2/10] -n 8 ./nkeys_par 100 1000000 0 2048
[3/10] -n 8 ./nkeys_par 100 1000000 0 2048
[4/10] -n 8 ./nkeys_par 100 1000000 0 2048
[5/10] -n 8 ./nkeys_par 100 1000000 0 2048
[6/10] -n 8 ./nkeys_par 100 1000000 0 2048
[7/10] -n 8 ./nkeys_par 100 1000000 0 2048
[8/10] -n 8 ./nkeys_par 100 1000000 0 2048
[9/10] -n 8 ./nkeys_par 100 1000000 0 2048
[10/10] -n 8 ./nkeys_par 100 1000000 0 2048
[1/10] -n 8 ./nkeys_par 100 1000000 0 4096
[2/10] -n 8 ./nkeys_par 100 1000000 0 4096
[3/10] -n 8 ./nkeys_par 100 1000000 0 4096
[4/10] -n 8 ./nkeys_par 100 1000000 0 4096
[5/10] -n 8 ./nkeys_par 100 1000000 0 4096
[6/10] -n 8 ./nkeys_par 100 1000000 0 4096
[7/10] -n 8 ./nkeys_par 100 1000000 0 4096
[8/10] -n 8 ./nkeys_par 100 1000000 0 4096
[9/10] -n 8 ./nkeys_par 100 1000000 0 4096
[10/10] -n 8 ./nkeys_par 100 1000000 0 4096
[1/10] -n 8 ./nkeys_par 500 1000000 0 0
[2/10] -n 8 ./nkeys_par 500 1000000 0 0
[3/10] -n 8 ./nkeys_par 500 1000000 0 0
[4/10] -n 8 ./nkeys_par 500 1000000 0 0
[5/10] -n 8 ./nkeys_par 500 1000000 0 0
[6/10] -n 8 ./nkeys_par 500 1000000 0 0
[7/10] -n 8 ./nkeys_par 500 1000000 0 0
[8/10] -n 8 ./nkeys_par 500 1000000 0 0
[9/10] -n 8 ./nkeys_par 500 1000000 0 0
[10/10] -n 8 ./nkeys_par 500 1000000 0 0
[1/10] -n 8 ./nkeys_par 500 1000000 0 2048
[2/10] -n 8 ./nkeys_par 500 1000000 0 2048
[3/10] -n 8 ./nkeys_par 500 1000000 0 2048
[4/10] -n 8 ./nkeys_par 500 1000000 0 2048
[5/10] -n 8 ./nkeys_par 500 1000000 0 2048
[6/10] -n 8 ./nkeys_par 500 1000000 0 2048
[7/10] -n 8 ./nkeys_par 500 1000000 0 2048
[8/10] -n 8 ./nkeys_par 500 1000000 0 2048
[9/10] -n 8 ./nkeys_par 500 1000000 0 2048
[10/10] -n 8 ./nkeys_par 500 1000000 0 2048
[1/10] -n 8 ./nkeys_par 500 1000000 0 4096
[2/10] -n 8 ./nkeys_par 500 1000000 0 4096
[3/10] -n 8 ./nkeys_par 500 1000000 0 4096
[4/10] -n 8 ./nkeys_par 500 1000000 0 4096
[5/10] -n 8 ./nkeys_par 500 1000000 0 4096
[6/10] -n 8 ./nkeys_par 500 1000000 0 4096
[7/10] -n 8 ./nkeys_par 500 1000000 0 4096
[8/10] -n 8 ./nkeys_par 500 1000000 0 4096
[9/10] -n 8 ./nkeys_par 500 1000000 0 4096
[10/10] -n 8 ./nkeys_par 500 1000000 0 4096
[1/10] -n 16 ./nkeys_par 2 1000000 0 0
[2/10] -n 16 ./nkeys_par 2 1000000 0 0
[3/10] -n 16 ./nkeys_par 2 1000000 0 0
[4/10] -n 16 ./nkeys_par 2 1000000 0 0
[5/10] -n 16 ./nkeys_par 2 1000000 0 0
[6/10] -n 16 ./nkeys_par 2 1000000 0 0
[7/10] -n 16 ./nkeys_par 2 1000000 0 0
[8/10] -n 16 ./nkeys_par 2 1000000 0 0
[9/10] -n 16 ./nkeys_par 2 1000000 0 0
[10/10] -n 16 ./nkeys_par 2 1000000 0 0
[1/10] -n 16 ./nkeys_par 2 1000000 0 2048
[2/10] -n 16 ./nkeys_par 2 1000000 0 2048
[3/10] -n 16 ./nkeys_par 2 1000000 0 2048
[4/10] -n 16 ./nkeys_par 2 1000000 0 2048
[5/10] -n 16 ./nkeys_par 2 1000000 0 2048
[6/10] -n 16 ./nkeys_par 2 1000000 0 2048
[7/10] -n 16 ./nkeys_par 2 1000000 0 2048
[8/10] -n 16 ./nkeys_par 2 1000000 0 2048
[9/10] -n 16 ./nkeys_par 2 1000000 0 2048
[10/10] -n 16 ./nkeys_par 2 1000000 0 2048
[1/10] -n 16 ./nkeys_par 2 1000000 0 4096
[2/10] -n 16 ./nkeys_par 2 1000000 0 4096
[3/10] -n 16 ./nkeys_par 2 1000000 0 4096
[4/10] -n 16 ./nkeys_par 2 1000000 0 4096
[5/10] -n 16 ./nkeys_par 2 1000000 0 4096
[6/10] -n 16 ./nkeys_par 2 1000000 0 4096
[7/10] -n 16 ./nkeys_par 2 1000000 0 4096
[8/10] -n 16 ./nkeys_par 2 1000000 0 4096
[9/10] -n 16 ./nkeys_par 2 1000000 0 4096
[10/10] -n 16 ./nkeys_par 2 1000000 0 4096
[1/10] -n 16 ./nkeys_par 100 1000000 0 0
[2/10] -n 16 ./nkeys_par 100 1000000 0 0
[3/10] -n 16 ./nkeys_par 100 1000000 0 0
[4/10] -n 16 ./nkeys_par 100 1000000 0 0
[5/10] -n 16 ./nkeys_par 100 1000000 0 0
[6/10] -n 16 ./nkeys_par 100 1000000 0 0
[7/10] -n 16 ./nkeys_par 100 1000000 0 0
[8/10] -n 16 ./nkeys_par 100 1000000 0 0
[9/10] -n 16 ./nkeys_par 100 1000000 0 0
[10/10] -n 16 ./nkeys_par 100 1000000 0 0
[1/10] -n 16 ./nkeys_par 100 1000000 0 2048
[2/10] -n 16 ./nkeys_par 100 1000000 0 2048
[3/10] -n 16 ./nkeys_par 100 1000000 0 2048
[4/10] -n 16 ./nkeys_par 100 1000000 0 2048
[5/10] -n 16 ./nkeys_par 100 1000000 0 2048
[6/10] -n 16 ./nkeys_par 100 1000000 0 2048
[7/10] -n 16 ./nkeys_par 100 1000000 0 2048
[8/10] -n 16 ./nkeys_par 100 1000000 0 2048
[9/10] -n 16 ./nkeys_par 100 1000000 0 2048
[10/10] -n 16 ./nkeys_par 100 1000000 0 2048
[1/10] -n 16 ./nkeys_par 100 1000000 0 4096
[2/10] -n 16 ./nkeys_par 100 1000000 0 4096
[3/10] -n 16 ./nkeys_par 100 1000000 0 4096
[4/10] -n 16 ./nkeys_par 100 1000000 0 4096
[5/10] -n 16 ./nkeys_par 100 1000000 0 4096
[6/10] -n 16 ./nkeys_par 100 1000000 0 4096
[7/10] -n 16 ./nkeys_par 100 1000000 0 4096
[8/10] -n 16 ./nkeys_par 100 1000000 0 4096
[9/10] -n 16 ./nkeys_par 100 1000000 0 4096
[10/10] -n 16 ./nkeys_par 100 1000000 0 4096
[1/10] -n 16 ./nkeys_par 500 1000000 0 0
[2/10] -n 16 ./nkeys_par 500 1000000 0 0
[3/10] -n 16 ./nkeys_par 500 1000000 0 0
[4/10] -n 16 ./nkeys_par 500 1000000 0 0
[5/10] -n 16 ./nkeys_par 500 1000000 0 0
[6/10] -n 16 ./nkeys_par 500 1000000 0 0
[7/10] -n 16 ./nkeys_par 500 1000000 0 0
[8/10] -n 16 ./nkeys_par 500 1000000 0 0
[9/10] -n 16 ./nkeys_par 500 1000000 0 0
[10/10] -n 16 ./nkeys_par 500 1000000 0 0
[1/10] -n 16 ./nkeys_par 500 1000000 0 2048
[2/10] -n 16 ./nkeys_par 500 1000000 0 2048
[3/10] -n 16 ./nkeys_par 500 1000000 0 2048
[4/10] -n 16 ./nkeys_par 500 1000000 0 2048
[5/10] -n 16 ./nkeys_par 500 1000000 0 2048
[6/10] -n 16 ./nkeys_par 500 1000000 0 2048
[7/10] -n 16 ./nkeys_par 500 1000000 0 2048
[8/10] -n 16 ./nkeys_par 500 1000000 0 2048
[9/10] -n 16 ./nkeys_par 500 1000000 0 2048
[10/10] -n 16 ./nkeys_par 500 1000000 0 2048
[1/10] -n 16 ./nkeys_par 500 1000000 0 4096
[2/10] -n 16 ./nkeys_par 500 1000000 0 4096
[3/10] -n 16 ./nkeys_par 500 1000000 0 4096
[4/10] -n 16 ./nkeys_par 500 1000000 0 4096
[5/10] -n 16 ./nkeys_par 500 1000000 0 4096
[6/10] -n 16 ./nkeys_par 500 1000000 0 4096
[7/10] -n 16 ./nkeys_par 500 1000000 0 4096
[8/10] -n 16 ./nkeys_par 500 1000000 0 4096
[9/10] -n 16 ./nkeys_par 500 1000000 0 4096
[10/10] -n 16 ./nkeys_par 500 1000000 0 4096
[1/10] -n 32 ./nkeys_par 2 1000000 0 0
[2/10] -n 32 ./nkeys_par 2 1000000 0 0
[3/10] -n 32 ./nkeys_par 2 1000000 0 0
[4/10] -n 32 ./nkeys_par 2 1000000 0 0
[5/10] -n 32 ./nkeys_par 2 1000000 0 0
[6/10] -n 32 ./nkeys_par 2 1000000 0 0
[7/10] -n 32 ./nkeys_par 2 1000000 0 0
[8/10] -n 32 ./nkeys_par 2 1000000 0 0
[9/10] -n 32 ./nkeys_par 2 1000000 0 0
[10/10] -n 32 ./nkeys_par 2 1000000 0 0
[1/10] -n 32 ./nkeys_par 2 1000000 0 2048
[2/10] -n 32 ./nkeys_par 2 1000000 0 2048
[3/10] -n 32 ./nkeys_par 2 1000000 0 2048
[4/10] -n 32 ./nkeys_par 2 1000000 0 2048
[5/10] -n 32 ./nkeys_par 2 1000000 0 2048
[6/10] -n 32 ./nkeys_par 2 1000000 0 2048
[7/10] -n 32 ./nkeys_par 2 1000000 0 2048
[8/10] -n 32 ./nkeys_par 2 1000000 0 2048
[9/10] -n 32 ./nkeys_par 2 1000000 0 2048
[10/10] -n 32 ./nkeys_par 2 1000000 0 2048
[1/10] -n 32 ./nkeys_par 2 1000000 0 4096
[2/10] -n 32 ./nkeys_par 2 1000000 0 4096
[3/10] -n 32 ./nkeys_par 2 1000000 0 4096
[4/10] -n 32 ./nkeys_par 2 1000000 0 4096
[5/10] -n 32 ./nkeys_par 2 1000000 0 4096
[6/10] -n 32 ./nkeys_par 2 1000000 0 4096
[7/10] -n 32 ./nkeys_par 2 1000000 0 4096
[8/10] -n 32 ./nkeys_par 2 1000000 0 4096
[9/10] -n 32 ./nkeys_par 2 1000000 0 4096
[10/10] -n 32 ./nkeys_par 2 1000000 0 4096
[1/10] -n 32 ./nkeys_par 100 1000000 0 0
[2/10] -n 32 ./nkeys_par 100 1000000 0 0
[3/10] -n 32 ./nkeys_par 100 1000000 0 0
[4/10] -n 32 ./nkeys_par 100 1000000 0 0
[5/10] -n 32 ./nkeys_par 100 1000000 0 0
[6/10] -n 32 ./nkeys_par 100 1000000 0 0
[7/10] -n 32 ./nkeys_par 100 1000000 0 0
[8/10] -n 32 ./nkeys_par 100 1000000 0 0
[9/10] -n 32 ./nkeys_par 100 1000000 0 0
[10/10] -n 32 ./nkeys_par 100 1000000 0 0
[1/10] -n 32 ./nkeys_par 100 1000000 0 2048
[2/10] -n 32 ./nkeys_par 100 1000000 0 2048
[3/10] -n 32 ./nkeys_par 100 1000000 0 2048
[4/10] -n 32 ./nkeys_par 100 1000000 0 2048
[5/10] -n 32 ./nkeys_par 100 1000000 0 2048
[6/10] -n 32 ./nkeys_par 100 1000000 0 2048
[7/10] -n 32 ./nkeys_par 100 1000000 0 2048
[8/10] -n 32 ./nkeys_par 100 1000000 0 2048
[9/10] -n 32 ./nkeys_par 100 1000000 0 2048
[10/10] -n 32 ./nkeys_par 100 1000000 0 2048
[1/10] -n 32 ./nkeys_par 100 1000000 0 4096
[2/10] -n 32 ./nkeys_par 100 1000000 0 4096
[3/10] -n 32 ./nkeys_par 100 1000000 0 4096
[4/10] -n 32 ./nkeys_par 100 1000000 0 4096
[5/10] -n 32 ./nkeys_par 100 1000000 0 4096
[6/10] -n 32 ./nkeys_par 100 1000000 0 4096
[7/10] -n 32 ./nkeys_par 100 1000000 0 4096
[8/10] -n 32 ./nkeys_par 100 1000000 0 4096
[9/10] -n 32 ./nkeys_par 100 1000000 0 4096
[10/10] -n 32 ./nkeys_par 100 1000000 0 4096
[1/10] -n 32 ./nkeys_par 500 1000000 0 0
[2/10] -n 32 ./nkeys_par 500 1000000 0 0
[3/10] -n 32 ./nkeys_par 500 1000000 0 0
[4/10] -n 32 ./nkeys_par 500 1000000 0 0
[5/10] -n 32 ./nkeys_par 500 1000000 0 0
[6/10] -n 32 ./nkeys_par 500 1000000 0 0
[7/10] -n 32 ./nkeys_par 500 1000000 0 0
[8/10] -n 32 ./nkeys_par 500 1000000 0 0
[9/10] -n 32 ./nkeys_par 500 1000000 0 0
[10/10] -n 32 ./nkeys_par 500 1000000 0 0
[1/10] -n 32 ./nkeys_par 500 1000000 0 2048
[2/10] -n 32 ./nkeys_par 500 1000000 0 2048
[3/10] -n 32 ./nkeys_par 500 1000000 0 2048
[4/10] -n 32 ./nkeys_par 500 1000000 0 2048
[5/10] -n 32 ./nkeys_par 500 1000000 0 2048
[6/10] -n 32 ./nkeys_par 500 1000000 0 2048
[7/10] -n 32 ./nkeys_par 500 1000000 0 2048
[8/10] -n 32 ./nkeys_par 500 1000000 0 2048
[9/10] -n 32 ./nkeys_par 500 1000000 0 2048
[10/10] -n 32 ./nkeys_par 500 1000000 0 2048
[1/10] -n 32 ./nkeys_par 500 1000000 0 4096
[2/10] -n 32 ./nkeys_par 500 1000000 0 4096
[3/10] -n 32 ./nkeys_par 500 1000000 0 4096
[4/10] -n 32 ./nkeys_par 500 1000000 0 4096
[5/10] -n 32 ./nkeys_par 500 1000000 0 4096
[6/10] -n 32 ./nkeys_par 500 1000000 0 4096
[7/10] -n 32 ./nkeys_par 500 1000000 0 4096
[8/10] -n 32 ./nkeys_par 500 1000000 0 4096
[9/10] -n 32 ./nkeys_par 500 1000000 0 4096
[10/10] -n 32 ./nkeys_par 500 1000000 0 4096
[1/10] -n 2 ./nkeys_par 50 1000000 0 0
[2/10] -n 2 ./nkeys_par 50 1000000 0 0
[3/10] -n 2 ./nkeys_par 50 1000000 0 0
[4/10] -n 2 ./nkeys_par 50 1000000 0 0
[5/10] -n 2 ./nkeys_par 50 1000000 0 0
[6/10] -n 2 ./nkeys_par 50 1000000 0 0
[7/10] -n 2 ./nkeys_par 50 1000000 0 0
[8/10] -n 2 ./nkeys_par 50 1000000 0 0
[9/10] -n 2 ./nkeys_par 50 1000000 0 0
[10/10] -n 2 ./nkeys_par 50 1000000 0 0
[1/10] -n 2 ./nkeys_par 50 1000000 0 2048
[2/10] -n 2 ./nkeys_par 50 1000000 0 2048
[3/10] -n 2 ./nkeys_par 50 1000000 0 2048
[4/10] -n 2 ./nkeys_par 50 1000000 0 2048
[5/10] -n 2 ./nkeys_par 50 1000000 0 2048
[6/10] -n 2 ./nkeys_par 50 1000000 0 2048
[7/10] -n 2 ./nkeys_par 50 1000000 0 2048
[8/10] -n 2 ./nkeys_par 50 1000000 0 2048
[9/10] -n 2 ./nkeys_par 50 1000000 0 2048
[10/10] -n 2 ./nkeys_par 50 1000000 0 2048
[1/10] -n 2 ./nkeys_par 50 1000000 0 4096
[2/10] -n 2 ./nkeys_par 50 1000000 0 4096
[3/10] -n 2 ./nkeys_par 50 1000000 0 4096
[4/10] -n 2 ./nkeys_par 50 1000000 0 4096
[5/10] -n 2 ./nkeys_par 50 1000000 0 4096
[6/10] -n 2 ./nkeys_par 50 1000000 0 4096
[7/10] -n 2 ./nkeys_par 50 1000000 0 4096
[8/10] -n 2 ./nkeys_par 50 1000000 0 4096
[9/10] -n 2 ./nkeys_par 50 1000000 0 4096
[10/10] -n 2 ./nkeys_par 50 1000000 0 4096
[1/10] -n 4 ./nkeys_par 100 1000000 0 0
[2/10] -n 4 ./nkeys_par 100 1000000 0 0
[3/10] -n 4 ./nkeys_par 100 1000000 0 0
[4/10] -n 4 ./nkeys_par 100 1000000 0 0
[5/10] -n 4 ./nkeys_par 100 1000000 0 0
[6/10] -n 4 ./nkeys_par 100 1000000 0 0
[7/10] -n 4 ./nkeys_par 100 1000000 0 0
[8/10] -n 4 ./nkeys_par 100 1000000 0 0
[9/10] -n 4 ./nkeys_par 100 1000000 0 0
[10/10] -n 4 ./nkeys_par 100 1000000 0 0
[1/10] -n 4 ./nkeys_par 100 1000000 0 2048
[2/10] -n 4 ./nkeys_par 100 1000000 0 2048
[3/10] -n 4 ./nkeys_par 100 1000000 0 2048
[4/10] -n 4 ./nkeys_par 100 1000000 0 2048
[5/10] -n 4 ./nkeys_par 100 1000000 0 2048
[6/10] -n 4 ./nkeys_par 100 1000000 0 2048
[7/10] -n 4 ./nkeys_par 100 1000000 0 2048
[8/10] -n 4 ./nkeys_par 100 1000000 0 2048
[9/10] -n 4 ./nkeys_par 100 1000000 0 2048
[10/10] -n 4 ./nkeys_par 100 1000000 0 2048
[1/10] -n 4 ./nkeys_par 100 1000000 0 4096
[2/10] -n 4 ./nkeys_par 100 1000000 0 4096
[3/10] -n 4 ./nkeys_par 100 1000000 0 4096
[4/10] -n 4 ./nkeys_par 100 1000000 0 4096
[5/10] -n 4 ./nkeys_par 100 1000000 0 4096
[6/10] -n 4 ./nkeys_par 100 1000000 0 4096
[7/10] -n 4 ./nkeys_par 100 1000000 0 4096
[8/10] -n 4 ./nkeys_par 100 1000000 0 4096
[9/10] -n 4 ./nkeys_par 100 1000000 0 4096
[10/10] -n 4 ./nkeys_par 100 1000000 0 4096
[1/10] -n 8 ./nkeys_par 200 1000000 0 0
[2/10] -n 8 ./nkeys_par 200 1000000 0 0
[3/10] -n 8 ./nkeys_par 200 1000000 0 0
[4/10] -n 8 ./nkeys_par 200 1000000 0 0
[5/10] -n 8 ./nkeys_par 200 1000000 0 0
[6/10] -n 8 ./nkeys_par 200 1000000 0 0
[7/10] -n 8 ./nkeys_par 200 1000000 0 0
[8/10] -n 8 ./nkeys_par 200 1000000 0 0
[9/10] -n 8 ./nkeys_par 200 1000000 0 0
[10/10] -n 8 ./nkeys_par 200 1000000 0 0
[1/10] -n 8 ./nkeys_par 200 1000000 0 2048
[2/10] -n 8 ./nkeys_par 200 1000000 0 2048
[3/10] -n 8 ./nkeys_par 200 1000000 0 2048
[4/10] -n 8 ./nkeys_par 200 1000000 0 2048
[5/10] -n 8 ./nkeys_par 200 1000000 0 2048
[6/10] -n 8 ./nkeys_par 200 1000000 0 2048
[7/10] -n 8 ./nkeys_par 200 1000000 0 2048
[8/10] -n 8 ./nkeys_par 200 1000000 0 2048
[9/10] -n 8 ./nkeys_par 200 1000000 0 2048
[10/10] -n 8 ./nkeys_par 200 1000000 0 2048
[1/10] -n 8 ./nkeys_par 200 1000000 0 4096
[2/10] -n 8 ./nkeys_par 200 1000000 0 4096
[3/10] -n 8 ./nkeys_par 200 1000000 0 4096
[4/10] -n 8 ./nkeys_par 200 1000000 0 4096
[5/10] -n 8 ./nkeys_par 200 1000000 0 4096
[6/10] -n 8 ./nkeys_par 200 1000000 0 4096
[7/10] -n 8 ./nkeys_par 200 1000000 0 4096
[8/10] -n 8 ./nkeys_par 200 1000000 0 4096
[9/10] -n 8 ./nkeys_par 200 1000000 0 4096
[10/10] -n 8 ./nkeys_par 200 1000000 0 4096
[1/10] -n 16 ./nkeys_par 400 1000000 0 0
[2/10] -n 16 ./nkeys_par 400 1000000 0 0
[3/10] -n 16 ./nkeys_par 400 1000000 0 0
[4/10] -n 16 ./nkeys_par 400 1000000 0 0
[5/10] -n 16 ./nkeys_par 400 1000000 0 0
[6/10] -n 16 ./nkeys_par 400 1000000 0 0
[7/10] -n 16 ./nkeys_par 400 1000000 0 0
[8/10] -n 16 ./nkeys_par 400 1000000 0 0
[9/10] -n 16 ./nkeys_par 400 1000000 0 0
[10/10] -n 16 ./nkeys_par 400 1000000 0 0
[1/10] -n 16 ./nkeys_par 400 1000000 0 2048
[2/10] -n 16 ./nkeys_par 400 1000000 0 2048
[3/10] -n 16 ./nkeys_par 400 1000000 0 2048
[4/10] -n 16 ./nkeys_par 400 1000000 0 2048
[5/10] -n 16 ./nkeys_par 400 1000000 0 2048
[6/10] -n 16 ./nkeys_par 400 1000000 0 2048
[7/10] -n 16 ./nkeys_par 400 1000000 0 2048
[8/10] -n 16 ./nkeys_par 400 1000000 0 2048
[9/10] -n 16 ./nkeys_par 400 1000000 0 2048
[10/10] -n 16 ./nkeys_par 400 1000000 0 2048
[1/10] -n 16 ./nkeys_par 400 1000000 0 4096
[2/10] -n 16 ./nkeys_par 400 1000000 0 4096
[3/10] -n 16 ./nkeys_par 400 1000000 0 4096
[4/10] -n 16 ./nkeys_par 400 1000000 0 4096
[5/10] -n 16 ./nkeys_par 400 1000000 0 4096
[6/10] -n 16 ./nkeys_par 400 1000000 0 4096
[7/10] -n 16 ./nkeys_par 400 1000000 0 4096
[8/10] -n 16 ./nkeys_par 400 1000000 0 4096
[9/10] -n 16 ./nkeys_par 400 1000000 0 4096
[10/10] -n 16 ./nkeys_par 400 1000000 0 4096
[1/10] -n 32 ./nkeys_par 800 1000000 0 0
[2/10] -n 32 ./nkeys_par 800 1000000 0 0
[3/10] -n 32 ./nkeys_par 800 1000000 0 0
[4/10] -n 32 ./nkeys_par 800 1000000 0 0
[5/10] -n 32 ./nkeys_par 800 1000000 0 0
[6/10] -n 32 ./nkeys_par 800 1000000 0 0
[7/10] -n 32 ./nkeys_par 800 1000000 0 0
[8/10] -n 32 ./nkeys_par 800 1000000 0 0
[9/10] -n 32 ./nkeys_par 800 1000000 0 0
[10/10] -n 32 ./nkeys_par 800 1000000 0 0
[1/10] -n 32 ./nkeys_par 800 1000000 0 2048
[2/10] -n 32 ./nkeys_par 800 1000000 0 2048
[3/10] -n 32 ./nkeys_par 800 1000000 0 2048
[4/10] -n 32 ./nkeys_par 800 1000000 0 2048
[5/10] -n 32 ./nkeys_par 800 1000000 0 2048
[6/10] -n 32 ./nkeys_par 800 1000000 0 2048
[7/10] -n 32 ./nkeys_par 800 1000000 0 2048
[8/10] -n 32 ./nkeys_par 800 1000000 0 2048
[9/10] -n 32 ./nkeys_par 800 1000000 0 2048
[10/10] -n 32 ./nkeys_par 800 1000000 0 2048
[1/10] -n 32 ./nkeys_par 800 1000000 0 4096
[2/10] -n 32 ./nkeys_par 800 1000000 0 4096
[3/10] -n 32 ./nkeys_par 800 1000000 0 4096
[4/10] -n 32 ./nkeys_par 800 1000000 0 4096
[5/10] -n 32 ./nkeys_par 800 1000000 0 4096
[6/10] -n 32 ./nkeys_par 800 1000000 0 4096
[7/10] -n 32 ./nkeys_par 800 1000000 0 4096
[8/10] -n 32 ./nkeys_par 800 1000000 0 4096
[9/10] -n 32 ./nkeys_par 800 1000000 0 4096
[10/10] -n 32 ./nkeys_par 800 1000000 0 4096
